<?xml version="1.0" encoding="UTF-8"?>
<testng-results skipped="0" failed="0" total="1" passed="1">
  <reporter-output>
  </reporter-output>
  <suite name="Suite" duration-ms="67388" started-at="2018-09-29T06:34:53Z" finished-at="2018-09-29T06:36:01Z">
    <groups>
    </groups>
    <test name="Test" duration-ms="67388" started-at="2018-09-29T06:34:53Z" finished-at="2018-09-29T06:36:01Z">
      <class name="testcases.Submitform">
        <test-method status="PASS" signature="test()[pri:0, instance:testcases.Submitform@7dc36524]" name="test" duration-ms="67256" started-at="2018-09-29T12:04:54Z" finished-at="2018-09-29T12:06:01Z">
          <reporter-output>
          </reporter-output>
        </test-method> <!-- test -->
      </class> <!-- testcases.Submitform -->
    </test> <!-- Test -->
  </suite> <!-- Suite -->
</testng-results>
