<?xml version="1.0" encoding="UTF-8"?>
<testng-results skipped="0" failed="2" total="3" passed="1">
  <reporter-output>
  </reporter-output>
  <suite name="Default suite" duration-ms="64563" started-at="2018-10-02T11:56:15Z" finished-at="2018-10-02T11:57:20Z">
    <groups>
    </groups>
    <test name="Default test" duration-ms="64563" started-at="2018-10-02T11:56:15Z" finished-at="2018-10-02T11:57:20Z">
      <class name="testcases.Submitform">
        <test-method status="PASS" signature="Test(java.util.Hashtable)[pri:0, instance:testcases.Submitform@5cde6747]" name="Test" duration-ms="21732" started-at="2018-10-02T17:26:15Z" data-provider="getData" finished-at="2018-10-02T17:26:37Z">
          <params>
            <param index="0">
              <value>
                <![CDATA[{Marital Status=Married, Username=vikas10489, First Name=Vikas, Comments=comments, Runmode=Y, Email=vikas@gmail.com, Phone Number=8097722449, Password=viks, Date of Birth=10/04/1989, ExpectedResult=Success, Hobbies=Dancing, Browser=Chrome, Country=India, Last Name=Agarwala}]]>
              </value>
            </param>
          </params>
          <reporter-output>
          </reporter-output>
        </test-method> <!-- Test -->
        <test-method status="FAIL" signature="enterFormDetails(java.util.Hashtable)[pri:0, instance:testcases.Submitform@5cde6747]" name="enterFormDetails" duration-ms="4" started-at="2018-10-02T17:26:37Z" data-provider="getData" finished-at="2018-10-02T17:26:37Z">
          <params>
            <param index="0">
              <value>
                <![CDATA[{Marital Status=Married, Username=vikas10489, First Name=Vikas, Comments=comments, Runmode=Y, Email=vikas@gmail.com, Phone Number=8097722449, Password=viks, Date of Birth=10/04/1989, ExpectedResult=Success, Hobbies=Dancing, Browser=Chrome, Country=India, Last Name=Agarwala}]]>
              </value>
            </param>
          </params>
          <exception class="java.lang.NullPointerException">
            <full-stacktrace>
              <![CDATA[java.lang.NullPointerException
	at basepage.BasePage.getelement(BasePage.java:43)
	at basepage.BasePage.type(BasePage.java:55)
	at testcases.Submitform.enterFormDetails(Submitform.java:78)
	at sun.reflect.NativeMethodAccessorImpl.invoke0(Native Method)
	at sun.reflect.NativeMethodAccessorImpl.invoke(NativeMethodAccessorImpl.java:62)
	at sun.reflect.DelegatingMethodAccessorImpl.invoke(DelegatingMethodAccessorImpl.java:43)
	at java.lang.reflect.Method.invoke(Method.java:498)
	at org.testng.internal.MethodInvocationHelper.invokeMethod(MethodInvocationHelper.java:86)
	at org.testng.internal.Invoker.invokeMethod(Invoker.java:643)
	at org.testng.internal.Invoker.invokeTestMethod(Invoker.java:820)
	at org.testng.internal.Invoker.invokeTestMethods(Invoker.java:1128)
	at org.testng.internal.TestMethodWorker.invokeTestMethods(TestMethodWorker.java:129)
	at org.testng.internal.TestMethodWorker.run(TestMethodWorker.java:112)
	at org.testng.TestRunner.privateRun(TestRunner.java:782)
	at org.testng.TestRunner.run(TestRunner.java:632)
	at org.testng.SuiteRunner.runTest(SuiteRunner.java:366)
	at org.testng.SuiteRunner.runSequentially(SuiteRunner.java:361)
	at org.testng.SuiteRunner.privateRun(SuiteRunner.java:319)
	at org.testng.SuiteRunner.run(SuiteRunner.java:268)
	at org.testng.SuiteRunnerWorker.runSuite(SuiteRunnerWorker.java:52)
	at org.testng.SuiteRunnerWorker.run(SuiteRunnerWorker.java:86)
	at org.testng.TestNG.runSuitesSequentially(TestNG.java:1244)
	at org.testng.TestNG.runSuitesLocally(TestNG.java:1169)
	at org.testng.TestNG.run(TestNG.java:1064)
	at org.testng.remote.AbstractRemoteTestNG.run(AbstractRemoteTestNG.java:114)
	at org.testng.remote.RemoteTestNG.initAndRun(RemoteTestNG.java:251)
	at org.testng.remote.RemoteTestNG.main(RemoteTestNG.java:77)
]]>
            </full-stacktrace>
          </exception> <!-- java.lang.NullPointerException -->
          <reporter-output>
          </reporter-output>
        </test-method> <!-- enterFormDetails -->
        <test-method status="FAIL" signature="enterSelectDetails(java.util.Hashtable)[pri:0, instance:testcases.Submitform@5cde6747]" name="enterSelectDetails" duration-ms="39519" started-at="2018-10-02T17:26:37Z" data-provider="getData" finished-at="2018-10-02T17:27:17Z">
          <params>
            <param index="0">
              <value>
                <![CDATA[{Marital Status=Married, Username=vikas10489, First Name=Vikas, Comments=comments, Runmode=Y, Email=vikas@gmail.com, Phone Number=8097722449, Password=viks, Date of Birth=10/04/1989, ExpectedResult=Success, Hobbies=Dancing, Browser=Chrome, Country=India, Last Name=Agarwala}]]>
              </value>
            </param>
          </params>
          <exception class="java.lang.IllegalArgumentException">
            <message>
              <![CDATA[Cannot find elements when the XPath is null.]]>
            </message>
            <full-stacktrace>
              <![CDATA[java.lang.IllegalArgumentException: Cannot find elements when the XPath is null.
	at org.openqa.selenium.By$ByXPath.<init>(By.java:339)
	at org.openqa.selenium.By.xpath(By.java:92)
	at basepage.BasePage.getelement(BasePage.java:43)
	at basepage.BasePage.SelectMultipleValue(BasePage.java:73)
	at testcases.Submitform.enterSelectDetails(Submitform.java:71)
	at sun.reflect.NativeMethodAccessorImpl.invoke0(Native Method)
	at sun.reflect.NativeMethodAccessorImpl.invoke(NativeMethodAccessorImpl.java:62)
	at sun.reflect.DelegatingMethodAccessorImpl.invoke(DelegatingMethodAccessorImpl.java:43)
	at java.lang.reflect.Method.invoke(Method.java:498)
	at org.testng.internal.MethodInvocationHelper.invokeMethod(MethodInvocationHelper.java:86)
	at org.testng.internal.Invoker.invokeMethod(Invoker.java:643)
	at org.testng.internal.Invoker.invokeTestMethod(Invoker.java:820)
	at org.testng.internal.Invoker.invokeTestMethods(Invoker.java:1128)
	at org.testng.internal.TestMethodWorker.invokeTestMethods(TestMethodWorker.java:129)
	at org.testng.internal.TestMethodWorker.run(TestMethodWorker.java:112)
	at org.testng.TestRunner.privateRun(TestRunner.java:782)
	at org.testng.TestRunner.run(TestRunner.java:632)
	at org.testng.SuiteRunner.runTest(SuiteRunner.java:366)
	at org.testng.SuiteRunner.runSequentially(SuiteRunner.java:361)
	at org.testng.SuiteRunner.privateRun(SuiteRunner.java:319)
	at org.testng.SuiteRunner.run(SuiteRunner.java:268)
	at org.testng.SuiteRunnerWorker.runSuite(SuiteRunnerWorker.java:52)
	at org.testng.SuiteRunnerWorker.run(SuiteRunnerWorker.java:86)
	at org.testng.TestNG.runSuitesSequentially(TestNG.java:1244)
	at org.testng.TestNG.runSuitesLocally(TestNG.java:1169)
	at org.testng.TestNG.run(TestNG.java:1064)
	at org.testng.remote.AbstractRemoteTestNG.run(AbstractRemoteTestNG.java:114)
	at org.testng.remote.RemoteTestNG.initAndRun(RemoteTestNG.java:251)
	at org.testng.remote.RemoteTestNG.main(RemoteTestNG.java:77)
]]>
            </full-stacktrace>
          </exception> <!-- java.lang.IllegalArgumentException -->
          <reporter-output>
          </reporter-output>
        </test-method> <!-- enterSelectDetails -->
        <test-method status="PASS" signature="closeBrowser()[pri:0, instance:testcases.Submitform@5cde6747]" name="closeBrowser" is-config="true" duration-ms="3155" started-at="2018-10-02T17:27:17Z" finished-at="2018-10-02T17:27:20Z">
          <reporter-output>
          </reporter-output>
        </test-method> <!-- closeBrowser -->
      </class> <!-- testcases.Submitform -->
    </test> <!-- Default test -->
  </suite> <!-- Default suite -->
</testng-results>
